\BOOKMARK [1][-]{section.1}{\376\377\000I\000n\000t\000r\000o\000d\000u\000\347\000\343\000o}{}% 1
\BOOKMARK [1][-]{section.2}{\376\377\000M\000o\000d\000e\000l\000a\000g\000e\000m\000\040\000M\000a\000t\000e\000m\000\341\000t\000i\000c\000a\000\040\000-\000\040\000G\000a\000b\000r\000i\000e\000l}{}% 2
\BOOKMARK [2][-]{subsection.2.1}{\376\377\000F\000u\000n\000\347\000\343\000o\000\040\000d\000e\000\040\000T\000r\000a\000n\000s\000f\000e\000r\000\352\000n\000c\000i\000a}{section.2}% 3
\BOOKMARK [2][-]{subsection.2.2}{\376\377\000P\000a\000r\000\342\000m\000e\000t\000r\000o\000s\000\040\000d\000o\000\040\000S\000i\000s\000t\000e\000m\000a}{section.2}% 4
\BOOKMARK [2][-]{subsection.2.3}{\376\377\000A\000n\000\341\000l\000i\000s\000e\000\040\000d\000e\000\040\000M\000a\000l\000h\000a\000\040\000A\000b\000e\000r\000t\000a}{section.2}% 5
\BOOKMARK [1][-]{section.3}{\376\377\000C\000o\000n\000t\000r\000o\000l\000a\000d\000o\000r\000\040\000P\000r\000o\000p\000o\000r\000c\000i\000o\000n\000a\000l\000\040\000\050\000P\000\051\000\040\000-\000\040\000F\000e\000l\000i\000p\000e}{}% 6
\BOOKMARK [2][-]{subsection.3.1}{\376\377\000E\000s\000p\000e\000c\000i\000f\000i\000c\000a\000\347\000\365\000e\000s\000\040\000e\000\040\000S\000i\000n\000t\000o\000n\000i\000a}{section.3}% 7
\BOOKMARK [2][-]{subsection.3.2}{\376\377\000D\000e\000s\000e\000m\000p\000e\000n\000h\000o\000\040\000\050\000S\000i\000m\000u\000l\000a\000\347\000\343\000o\000\051}{section.3}% 8
\BOOKMARK [3][-]{subsubsection.3.2.1}{\376\377\000A\000n\000\341\000l\000i\000s\000e\000\040\000d\000e\000\040\000D\000e\000s\000e\000m\000p\000e\000n\000h\000o}{subsection.3.2}% 9
\BOOKMARK [1][-]{section.4}{\376\377\000C\000o\000m\000p\000e\000n\000s\000a\000d\000o\000r\000\040\000L\000a\000g\000\040\000\050\000A\000t\000r\000a\000s\000o\000\040\000d\000e\000\040\000F\000a\000s\000e\000\051\000\040\000-\000\040\000D\000i\000e\000r\000s\000o\000n}{}% 10
\BOOKMARK [2][-]{subsection.4.1}{\376\377\000C\000\341\000l\000c\000u\000l\000o\000\040\000d\000o\000\040\000E\000r\000r\000o\000\040\000e\000m\000\040\000R\000a\000m\000p\000a\000\040\000\050\000S\000e\000m\000\040\000C\000o\000m\000p\000e\000n\000s\000a\000\347\000\343\000o\000\051}{section.4}% 11
\BOOKMARK [2][-]{subsection.4.2}{\376\377\000P\000r\000o\000j\000e\000t\000o\000\040\000d\000o\000\040\000C\000o\000m\000p\000e\000n\000s\000a\000d\000o\000r}{section.4}% 12
\BOOKMARK [3][-]{subsubsection.4.2.1}{\376\377\000A\000n\000\341\000l\000i\000s\000e\000\040\000d\000e\000\040\000G\000a\000n\000h\000o\000\040\000e\000\040\000R\000e\000s\000u\000l\000t\000a\000d\000o\000\040\000\050\000D\000i\000e\000r\000s\000o\000n\000\051}{subsection.4.2}% 13
\BOOKMARK [2][-]{subsection.4.3}{\376\377\000N\000o\000v\000o\000\040\000C\000\341\000l\000c\000u\000l\000o\000\040\000d\000e\000\040\000E\000r\000r\000o}{section.4}% 14
\BOOKMARK [2][-]{subsection.4.4}{\376\377\000A\000n\000\341\000l\000i\000s\000e\000\040\000F\000r\000e\000q\000u\000e\000n\000c\000i\000a\000l\000\040\000e\000\040\000T\000e\000m\000p\000o\000r\000a\000l}{section.4}% 15
\BOOKMARK [1][-]{section.5}{\376\377\000C\000o\000m\000p\000e\000n\000s\000a\000d\000o\000r\000\040\000L\000e\000a\000d\000\040\000\050\000A\000v\000a\000n\000\347\000o\000\040\000d\000e\000\040\000F\000a\000s\000e\000\051\000\040\000-\000\040\000C\000i\000n\000t\000i\000a}{}% 16
\BOOKMARK [2][-]{subsection.5.1}{\376\377\000P\000r\000o\000j\000e\000t\000o\000\040\000d\000o\000\040\000C\000o\000m\000p\000e\000n\000s\000a\000d\000o\000r}{section.5}% 17
\BOOKMARK [2][-]{subsection.5.2}{\376\377\000A\000n\000\341\000l\000i\000s\000e\000\040\000n\000o\000\040\000L\000u\000g\000a\000r\000\040\000d\000a\000s\000\040\000R\000a\000\355\000z\000e\000s\000\040\000e\000\040\000B\000o\000d\000e}{section.5}% 18
\BOOKMARK [2][-]{subsection.5.3}{\376\377\000D\000e\000s\000e\000m\000p\000e\000n\000h\000o\000\040\000T\000e\000m\000p\000o\000r\000a\000l}{section.5}% 19
\BOOKMARK [1][-]{section.6}{\376\377\000C\000o\000n\000t\000r\000o\000l\000a\000d\000o\000r\000\040\000L\000e\000a\000d\000-\000L\000a\000g\000\040\000I\000n\000t\000e\000g\000r\000a\000d\000o\000\040\000\050\000S\000o\000l\000u\000\347\000\343\000o\000\040\000C\000o\000m\000b\000i\000n\000a\000d\000a\000\051\000\040\000-\000\040\000C\000o\000n\000j\000u\000n\000t\000o}{}% 20
\BOOKMARK [2][-]{subsection.6.1}{\376\377\000E\000s\000t\000r\000a\000t\000\351\000g\000i\000a\000\040\000d\000e\000\040\000P\000r\000o\000j\000e\000t\000o\000\040\000D\000e\000t\000a\000l\000h\000a\000d\000a}{section.6}% 21
\BOOKMARK [3][-]{subsubsection.6.1.1}{\376\377\0001\000.\000\040\000O\000\040\000`\000`\000A\000c\000e\000l\000e\000r\000a\000d\000o\000r\000'\000'\000\040\000\050\000C\000o\000m\000p\000e\000n\000s\000a\000d\000o\000r\000\040\000L\000e\000a\000d\000\051}{subsection.6.1}% 22
\BOOKMARK [3][-]{subsubsection.6.1.2}{\376\377\0002\000.\000\040\000O\000\040\000`\000`\000C\000o\000r\000r\000e\000t\000o\000r\000'\000'\000\040\000\050\000C\000o\000m\000p\000e\000n\000s\000a\000d\000o\000r\000\040\000L\000a\000g\000\051}{subsection.6.1}% 23
\BOOKMARK [3][-]{subsubsection.6.1.3}{\376\377\0003\000.\000\040\000S\000i\000n\000t\000o\000n\000i\000a\000\040\000F\000i\000n\000a\000\040\000d\000o\000\040\000G\000a\000n\000h\000o\000\040\000\050\000K\000\051}{subsection.6.1}% 24
\BOOKMARK [2][-]{subsection.6.2}{\376\377\000R\000e\000s\000u\000l\000t\000a\000d\000o\000s\000\040\000F\000i\000n\000a\000i\000s}{section.6}% 25
\BOOKMARK [1][-]{section.7}{\376\377\000C\000o\000n\000t\000r\000o\000l\000a\000d\000o\000r\000\040\000P\000I\000D\000\040\000\050\000P\000r\000o\000p\000o\000r\000c\000i\000o\000n\000a\000l\000-\000I\000n\000t\000e\000g\000r\000a\000l\000-\000D\000e\000r\000i\000v\000a\000t\000i\000v\000o\000\051\000\040\000-\000\040\000G\000u\000i\000l\000h\000e\000r\000m\000e}{}% 26
\BOOKMARK [2][-]{subsection.7.1}{\376\377\000S\000i\000n\000t\000o\000n\000i\000a\000\040\000e\000\040\000E\000s\000t\000r\000u\000t\000u\000r\000a}{section.7}% 27
\BOOKMARK [2][-]{subsection.7.2}{\376\377\000D\000e\000s\000e\000m\000p\000e\000n\000h\000o}{section.7}% 28
\BOOKMARK [2][-]{subsection.7.3}{\376\377\000R\000o\000b\000u\000s\000t\000e\000z\000\040\000d\000o\000\040\000P\000I\000D}{section.7}% 29
\BOOKMARK [1][-]{section.8}{\376\377\000A\000n\000\341\000l\000i\000s\000e\000\040\000d\000e\000\040\000R\000o\000b\000u\000s\000t\000e\000z\000\040\000\050\000F\000a\000t\000o\000r\000e\000s\000\040\000P\000a\000r\000a\000m\000\351\000t\000r\000i\000c\000o\000s\000\051\000\040\000-\000\040\000N\000i\000c\000o\000l\000a\000s}{}% 30
\BOOKMARK [2][-]{subsection.8.1}{\376\377\000C\000e\000n\000\341\000r\000i\000o\000s\000\040\000d\000e\000\040\000T\000e\000s\000t\000e}{section.8}% 31
\BOOKMARK [2][-]{subsection.8.2}{\376\377\000R\000e\000s\000u\000l\000t\000a\000d\000o\000s\000\040\000d\000a\000\040\000A\000n\000\341\000l\000i\000s\000e}{section.8}% 32
\BOOKMARK [1][-]{section.9}{\376\377\000C\000o\000n\000c\000l\000u\000s\000\343\000o}{}% 33
\BOOKMARK [1][-]{appendix.A}{\376\377\000D\000o\000c\000u\000m\000e\000n\000t\000a\000\347\000\343\000o\000\040\000C\000o\000m\000p\000l\000e\000m\000e\000n\000t\000a\000r\000\040\000d\000e\000\040\000C\000\363\000d\000i\000g\000o\000s}{}% 34
\BOOKMARK [2][-]{subsection.A.1}{\376\377\000M\000o\000d\000e\000l\000a\000g\000e\000m\000\040\000d\000o\000\040\000S\000i\000s\000t\000e\000m\000a\000\040\000\050\000m\000o\000d\000e\000l\000.\000p\000y\000\051}{appendix.A}% 35
\BOOKMARK [2][-]{subsection.A.2}{\376\377\000P\000r\000o\000j\000e\000t\000o\000\040\000d\000o\000s\000\040\000C\000o\000n\000t\000r\000o\000l\000a\000d\000o\000r\000e\000s\000\040\000\050\000c\000o\000n\000t\000r\000o\000l\000l\000e\000r\000s\000.\000p\000y\000\051}{appendix.A}% 36
